# JRE version: OpenJDK Runtime Environment Corretto-17.0.11.9.1 (17.0.11+9) (build 17.0.11+9-LTS)
# Java VM: OpenJDK 64-Bit Server VM Corretto-17.0.11.9.1 (17.0.11+9-LTS, mixed mode, emulated-client, sharing, tiered, compressed oops, compressed class ptrs, g1 gc, windows-amd64)
GC Precious Log:
 CPUs: 4 total, 4 available
 Memory: 8086M
 Large Page Support: Disabled
 NUMA Support: Disabled
 Compressed Oops: Enabled (32-bit)
 Heap Region Size: 1M
 Heap Min Capacity: 8M
 Heap Initial Capacity: 128M
 Heap Max Capacity: 2022M
 Pre-touch: Disabled
 Parallel Workers: 4
 Concurrent Workers: 1
 Concurrent Refinement Workers: 4
 Periodic GC: Disabled
Heap:
 garbage-first heap   total 114688K, used 88806K [0x0000000081a00000, 0x0000000100000000)
  region size 1024K, 45 young (46080K), 3 survivors (3072K)
 Metaspace       used 77206K, committed 77888K, reserved 1179648K
  class space    used 10999K, committed 11328K, reserved 1048576K
GC Heap History (20 events):
Event: 633.469 GC heap after
{Heap after GC invocations=38 (full 1):
 garbage-first heap   total 95232K, used 39204K [0x0000000081a00000, 0x0000000100000000)
  region size 1024K, 3 young (3072K), 3 survivors (3072K)
 Metaspace       used 73786K, committed 74432K, reserved 1114112K
  class space    used 10665K, committed 11008K, reserved 1048576K
}
Event: 633.787 GC heap before
{Heap before GC invocations=38 (full 1):
 garbage-first heap   total 95232K, used 75044K [0x0000000081a00000, 0x0000000100000000)
  region size 1024K, 38 young (38912K), 3 survivors (3072K)
 Metaspace       used 74181K, committed 74816K, reserved 1114112K
  class space    used 10712K, committed 11008K, reserved 1048576K
}
Event: 633.792 GC heap after
{Heap after GC invocations=39 (full 1):
 garbage-first heap   total 95232K, used 41642K [0x0000000081a00000, 0x0000000100000000)
  region size 1024K, 3 young (3072K), 3 survivors (3072K)
 Metaspace       used 74181K, committed 74816K, reserved 1114112K
  class space    used 10712K, committed 11008K, reserved 1048576K
}
Event: 634.140 GC heap before
{Heap before GC invocations=39 (full 1):
 garbage-first heap   total 95232K, used 75434K [0x0000000081a00000, 0x0000000100000000)
  region size 1024K, 36 young (36864K), 3 survivors (3072K)
 Metaspace       used 74925K, committed 75520K, reserved 1114112K
  class space    used 10756K, committed 11008K, reserved 1048576K
}
Event: 634.146 GC heap after
{Heap after GC invocations=40 (full 1):
 garbage-first heap   total 95232K, used 45540K [0x0000000081a00000, 0x0000000100000000)
  region size 1024K, 5 young (5120K), 5 survivors (5120K)
 Metaspace       used 74925K, committed 75520K, reserved 1114112K
  class space    used 10756K, committed 11008K, reserved 1048576K
}
Event: 635.837 GC heap before
{Heap before GC invocations=40 (full 1):
 garbage-first heap   total 95232K, used 70116K [0x0000000081a00000, 0x0000000100000000)
  region size 1024K, 30 young (30720K), 5 survivors (5120K)
 Metaspace       used 75043K, committed 75712K, reserved 1114112K
  class space    used 10764K, committed 11072K, reserved 1048576K
}
Event: 635.896 GC heap after
{Heap after GC invocations=41 (full 2):
 garbage-first heap   total 95232K, used 30500K [0x0000000081a00000, 0x0000000100000000)
  region size 1024K, 0 young (0K), 0 survivors (0K)
 Metaspace       used 74948K, committed 75712K, reserved 1114112K
  class space    used 10743K, committed 11072K, reserved 1048576K
}
Event: 636.467 GC heap before
{Heap before GC invocations=41 (full 2):
 garbage-first heap   total 95232K, used 70436K [0x0000000081a00000, 0x0000000100000000)
  region size 1024K, 40 young (40960K), 0 survivors (0K)
 Metaspace       used 75414K, committed 76032K, reserved 1114112K
  class space    used 10796K, committed 11072K, reserved 1048576K
}
Event: 636.469 GC heap after
{Heap after GC invocations=42 (full 2):
 garbage-first heap   total 95232K, used 34240K [0x0000000081a00000, 0x0000000100000000)
  region size 1024K, 4 young (4096K), 4 survivors (4096K)
 Metaspace       used 75414K, committed 76032K, reserved 1114112K
  class space    used 10796K, committed 11072K, reserved 1048576K
}
Event: 636.830 GC heap before
{Heap before GC invocations=42 (full 2):
 garbage-first heap   total 95232K, used 72128K [0x0000000081a00000, 0x0000000100000000)
  region size 1024K, 41 young (41984K), 4 survivors (4096K)
 Metaspace       used 75554K, committed 76096K, reserved 1114112K
  class space    used 10813K, committed 11072K, reserved 1048576K
}
Event: 636.834 GC heap after
{Heap after GC invocations=43 (full 2):
 garbage-first heap   total 95232K, used 36891K [0x0000000081a00000, 0x0000000100000000)
  region size 1024K, 3 young (3072K), 3 survivors (3072K)
 Metaspace       used 75554K, committed 76096K, reserved 1114112K
  class space    used 10813K, committed 11072K, reserved 1048576K
}
Event: 637.145 GC heap before
{Heap before GC invocations=43 (full 2):
 garbage-first heap   total 95232K, used 72731K [0x0000000081a00000, 0x0000000100000000)
  region size 1024K, 38 young (38912K), 3 survivors (3072K)
 Metaspace       used 75927K, committed 76544K, reserved 1114112K
  class space    used 10853K, committed 11136K, reserved 1048576K
}
Event: 637.149 GC heap after
{Heap after GC invocations=44 (full 2):
 garbage-first heap   total 114688K, used 38439K [0x0000000081a00000, 0x0000000100000000)
  region size 1024K, 5 young (5120K), 5 survivors (5120K)
 Metaspace       used 75927K, committed 76544K, reserved 1114112K
  class space    used 10853K, committed 11136K, reserved 1048576K
}
Event: 637.644 GC heap before
{Heap before GC invocations=44 (full 2):
 garbage-first heap   total 114688K, used 86567K [0x0000000081a00000, 0x0000000100000000)
  region size 1024K, 52 young (53248K), 5 survivors (5120K)
 Metaspace       used 76701K, committed 77312K, reserved 1179648K
  class space    used 10893K, committed 11200K, reserved 1048576K
}
Event: 637.650 GC heap after
{Heap after GC invocations=45 (full 2):
 garbage-first heap   total 114688K, used 43214K [0x0000000081a00000, 0x0000000100000000)
  region size 1024K, 7 young (7168K), 7 survivors (7168K)
 Metaspace       used 76701K, committed 77312K, reserved 1179648K
  class space    used 10893K, committed 11200K, reserved 1048576K
}
Event: 843.139 GC heap before
{Heap before GC invocations=45 (full 2):
 garbage-first heap   total 114688K, used 86222K [0x0000000081a00000, 0x0000000100000000)
  region size 1024K, 50 young (51200K), 7 survivors (7168K)
 Metaspace       used 77128K, committed 77824K, reserved 1179648K
  class space    used 10982K, committed 11328K, reserved 1048576K
}
Event: 843.146 GC heap after
{Heap after GC invocations=46 (full 2):
 garbage-first heap   total 114688K, used 46474K [0x0000000081a00000, 0x0000000100000000)
  region size 1024K, 4 young (4096K), 4 survivors (4096K)
 Metaspace       used 77128K, committed 77824K, reserved 1179648K
  class space    used 10982K, committed 11328K, reserved 1048576K
}
Event: 1278.042 GC heap before
{Heap before GC invocations=46 (full 2):
 garbage-first heap   total 114688K, used 88458K [0x0000000081a00000, 0x0000000100000000)
  region size 1024K, 45 young (46080K), 4 survivors (4096K)
 Metaspace       used 77203K, committed 77888K, reserved 1179648K
  class space    used 10999K, committed 11328K, reserved 1048576K
}
Event: 1278.044 GC heap after
{Heap after GC invocations=47 (full 2):
 garbage-first heap   total 114688K, used 45798K [0x0000000081a00000, 0x0000000100000000)
  region size 1024K, 3 young (3072K), 3 survivors (3072K)
 Metaspace       used 77203K, committed 77888K, reserved 1179648K
  class space    used 10999K, committed 11328K, reserved 1048576K
}
Event: 1721.018 GC heap before
{Heap before GC invocations=47 (full 2):
 garbage-first heap   total 114688K, used 87782K [0x0000000081a00000, 0x0000000100000000)
  region size 1024K, 45 young (46080K), 3 survivors (3072K)
 Metaspace       used 77206K, committed 77888K, reserved 1179648K
  class space    used 10999K, committed 11328K, reserved 1048576K
}

