# JRE version: OpenJDK Runtime Environment Corretto-17.0.11.9.1 (17.0.11+9) (build 17.0.11+9-LTS)
# Java VM: OpenJDK 64-Bit Server VM Corretto-17.0.11.9.1 (17.0.11+9-LTS, mixed mode, emulated-client, sharing, tiered, compressed oops, compressed class ptrs, g1 gc, windows-amd64)
GC Precious Log:
 CPUs: 4 total, 4 available
 Memory: 8086M
 Large Page Support: Disabled
 NUMA Support: Disabled
 Compressed Oops: Enabled (32-bit)
 Heap Region Size: 1M
 Heap Min Capacity: 8M
 Heap Initial Capacity: 128M
 Heap Max Capacity: 2022M
 Pre-touch: Disabled
 Parallel Workers: 4
 Concurrent Workers: 1
 Concurrent Refinement Workers: 4
 Periodic GC: Disabled
Heap:
 garbage-first heap   total 183296K, used 113509K [0x0000000081a00000, 0x0000000100000000)
  region size 1024K, 79 young (80896K), 8 survivors (8192K)
 Metaspace       used 75984K, committed 76672K, reserved 1179648K
  class space    used 10994K, committed 11328K, reserved 1048576K
GC Heap History (20 events):
Event: 5.300 GC heap before
{Heap before GC invocations=10 (full 0):
 garbage-first heap   total 78848K, used 63037K [0x0000000081a00000, 0x0000000100000000)
  region size 1024K, 46 young (47104K), 5 survivors (5120K)
 Metaspace       used 46323K, committed 46848K, reserved 1114112K
  class space    used 6468K, committed 6720K, reserved 1048576K
}
Event: 5.309 GC heap after
{Heap after GC invocations=11 (full 0):
 garbage-first heap   total 78848K, used 25327K [0x0000000081a00000, 0x0000000100000000)
  region size 1024K, 6 young (6144K), 6 survivors (6144K)
 Metaspace       used 46323K, committed 46848K, reserved 1114112K
  class space    used 6468K, committed 6720K, reserved 1048576K
}
Event: 5.314 GC heap before
{Heap before GC invocations=11 (full 0):
 garbage-first heap   total 78848K, used 25327K [0x0000000081a00000, 0x0000000100000000)
  region size 1024K, 7 young (7168K), 6 survivors (6144K)
 Metaspace       used 46343K, committed 46912K, reserved 1114112K
  class space    used 6474K, committed 6720K, reserved 1048576K
}
Event: 5.319 GC heap after
{Heap after GC invocations=12 (full 0):
 garbage-first heap   total 78848K, used 26116K [0x0000000081a00000, 0x0000000100000000)
  region size 1024K, 1 young (1024K), 1 survivors (1024K)
 Metaspace       used 46343K, committed 46912K, reserved 1114112K
  class space    used 6474K, committed 6720K, reserved 1048576K
}
Event: 5.919 GC heap before
{Heap before GC invocations=12 (full 0):
 garbage-first heap   total 78848K, used 58884K [0x0000000081a00000, 0x0000000100000000)
  region size 1024K, 34 young (34816K), 1 survivors (1024K)
 Metaspace       used 53733K, committed 54208K, reserved 1114112K
  class space    used 7645K, committed 7872K, reserved 1048576K
}
Event: 5.922 GC heap after
{Heap after GC invocations=13 (full 0):
 garbage-first heap   total 78848K, used 26519K [0x0000000081a00000, 0x0000000100000000)
  region size 1024K, 2 young (2048K), 2 survivors (2048K)
 Metaspace       used 53733K, committed 54208K, reserved 1114112K
  class space    used 7645K, committed 7872K, reserved 1048576K
}
Event: 6.266 GC heap before
{Heap before GC invocations=14 (full 0):
 garbage-first heap   total 78848K, used 60311K [0x0000000081a00000, 0x0000000100000000)
  region size 1024K, 35 young (35840K), 2 survivors (2048K)
 Metaspace       used 54277K, committed 54784K, reserved 1114112K
  class space    used 7765K, committed 8000K, reserved 1048576K
}
Event: 6.269 GC heap after
{Heap after GC invocations=15 (full 0):
 garbage-first heap   total 78848K, used 26813K [0x0000000081a00000, 0x0000000100000000)
  region size 1024K, 2 young (2048K), 2 survivors (2048K)
 Metaspace       used 54277K, committed 54784K, reserved 1114112K
  class space    used 7765K, committed 8000K, reserved 1048576K
}
Event: 6.286 GC heap before
{Heap before GC invocations=15 (full 0):
 garbage-first heap   total 78848K, used 26813K [0x0000000081a00000, 0x0000000100000000)
  region size 1024K, 3 young (3072K), 2 survivors (2048K)
 Metaspace       used 54402K, committed 54976K, reserved 1114112K
  class space    used 7795K, committed 8064K, reserved 1048576K
}
Event: 6.290 GC heap after
{Heap after GC invocations=16 (full 0):
 garbage-first heap   total 78848K, used 26881K [0x0000000081a00000, 0x0000000100000000)
  region size 1024K, 1 young (1024K), 1 survivors (1024K)
 Metaspace       used 54402K, committed 54976K, reserved 1114112K
  class space    used 7795K, committed 8064K, reserved 1048576K
}
Event: 7.353 GC heap before
{Heap before GC invocations=16 (full 0):
 garbage-first heap   total 78848K, used 61697K [0x0000000081a00000, 0x0000000100000000)
  region size 1024K, 35 young (35840K), 1 survivors (1024K)
 Metaspace       used 60791K, committed 61376K, reserved 1114112K
  class space    used 8667K, committed 8960K, reserved 1048576K
}
Event: 7.357 GC heap after
{Heap after GC invocations=17 (full 0):
 garbage-first heap   total 78848K, used 29564K [0x0000000081a00000, 0x0000000100000000)
  region size 1024K, 3 young (3072K), 3 survivors (3072K)
 Metaspace       used 60791K, committed 61376K, reserved 1114112K
  class space    used 8667K, committed 8960K, reserved 1048576K
}
Event: 7.738 GC heap before
{Heap before GC invocations=17 (full 0):
 garbage-first heap   total 78848K, used 61308K [0x0000000081a00000, 0x0000000100000000)
  region size 1024K, 35 young (35840K), 3 survivors (3072K)
 Metaspace       used 65170K, committed 65792K, reserved 1114112K
  class space    used 9480K, committed 9792K, reserved 1048576K
}
Event: 7.743 GC heap after
{Heap after GC invocations=18 (full 0):
 garbage-first heap   total 78848K, used 32080K [0x0000000081a00000, 0x0000000100000000)
  region size 1024K, 3 young (3072K), 3 survivors (3072K)
 Metaspace       used 65170K, committed 65792K, reserved 1114112K
  class space    used 9480K, committed 9792K, reserved 1048576K
}
Event: 8.122 GC heap before
{Heap before GC invocations=18 (full 0):
 garbage-first heap   total 78848K, used 62800K [0x0000000081a00000, 0x0000000100000000)
  region size 1024K, 33 young (33792K), 3 survivors (3072K)
 Metaspace       used 66243K, committed 66816K, reserved 1114112K
  class space    used 9610K, committed 9920K, reserved 1048576K
}
Event: 8.128 GC heap after
{Heap after GC invocations=19 (full 0):
 garbage-first heap   total 78848K, used 35483K [0x0000000081a00000, 0x0000000100000000)
  region size 1024K, 5 young (5120K), 5 survivors (5120K)
 Metaspace       used 66243K, committed 66816K, reserved 1114112K
  class space    used 9610K, committed 9920K, reserved 1048576K
}
Event: 8.292 GC heap before
{Heap before GC invocations=19 (full 0):
 garbage-first heap   total 78848K, used 63131K [0x0000000081a00000, 0x0000000100000000)
  region size 1024K, 32 young (32768K), 5 survivors (5120K)
 Metaspace       used 66596K, committed 67200K, reserved 1114112K
  class space    used 9642K, committed 9984K, reserved 1048576K
}
Event: 8.299 GC heap after
{Heap after GC invocations=20 (full 0):
 garbage-first heap   total 183296K, used 38475K [0x0000000081a00000, 0x0000000100000000)
  region size 1024K, 3 young (3072K), 3 survivors (3072K)
 Metaspace       used 66596K, committed 67200K, reserved 1114112K
  class space    used 9642K, committed 9984K, reserved 1048576K
}
Event: 134.226 GC heap before
{Heap before GC invocations=20 (full 0):
 garbage-first heap   total 183296K, used 135755K [0x0000000081a00000, 0x0000000100000000)
  region size 1024K, 99 young (101376K), 3 survivors (3072K)
 Metaspace       used 75742K, committed 76416K, reserved 1179648K
  class space    used 10957K, committed 11264K, reserved 1048576K
}
Event: 134.235 GC heap after
{Heap after GC invocations=21 (full 0):
 garbage-first heap   total 183296K, used 42853K [0x0000000081a00000, 0x0000000100000000)
  region size 1024K, 8 young (8192K), 8 survivors (8192K)
 Metaspace       used 75742K, committed 76416K, reserved 1179648K
  class space    used 10957K, committed 11264K, reserved 1048576K
}

